<?xml version="1.0" ?>
<!DOCTYPE coverage SYSTEM "http://cobertura.sourceforge.net/xml/coverage-04.dtd">
<coverage lines-valid="3" lines-covered="3" line-rate="1" branches-valid="0" branches-covered="0" branch-rate="1" timestamp="1603961151022" complexity="0" version="0.1">
  <sources>
    <source>/Users/sagegu/Documents/GitHub/sage/test</source>
  </sources>
  <packages>
    <class name="sum.js" filename="sum.js" line-rate="1" branch-rate="1">
      <methods>
        <method name="sum" hits="1" signature="()V">
          <lines>
            <line number="3" hits="1"/>
          </lines>
        </method>
      </methods>
      <lines>
        <line number="1" hits="1" branch="false"/>
        <line number="4" hits="1" branch="false"/>
        <line number="6" hits="1" branch="false"/>
      </lines>
    </class>
  </packages>
</coverage>
